INFO: [VRFC 10-2263] Analyzing SystemVerilog file "/home/tfowler6/riscv32/src/fpu_src/FClass.sv" into library xil_defaultlib
INFO: [VRFC 10-311] analyzing module FClass
INFO: [VRFC 10-2263] Analyzing SystemVerilog file "/home/tfowler6/riscv32/src/fpu_src/FEQ.sv" into library xil_defaultlib
INFO: [VRFC 10-311] analyzing module FEQ
INFO: [VRFC 10-2263] Analyzing SystemVerilog file "/home/tfowler6/riscv32/src/fpu_src/FLE.sv" into library xil_defaultlib
INFO: [VRFC 10-311] analyzing module FLE
INFO: [VRFC 10-2263] Analyzing SystemVerilog file "/home/tfowler6/riscv32/src/fpu_src/FLT.sv" into library xil_defaultlib
INFO: [VRFC 10-311] analyzing module FLT
INFO: [VRFC 10-2263] Analyzing SystemVerilog file "/home/tfowler6/riscv32/src/fpu_src/FMax.sv" into library xil_defaultlib
INFO: [VRFC 10-311] analyzing module FMax
INFO: [VRFC 10-2263] Analyzing SystemVerilog file "/home/tfowler6/riscv32/src/fpu_src/FMin.sv" into library xil_defaultlib
INFO: [VRFC 10-311] analyzing module FMin
INFO: [VRFC 10-2263] Analyzing SystemVerilog file "/home/tfowler6/riscv32/src/fpu_src/fadd.sv" into library xil_defaultlib
INFO: [VRFC 10-311] analyzing module adder
INFO: [VRFC 10-2263] Analyzing SystemVerilog file "/home/tfowler6/riscv32/src/fpu_src/fdiv.sv" into library xil_defaultlib
INFO: [VRFC 10-311] analyzing module divider
INFO: [VRFC 10-2263] Analyzing SystemVerilog file "/home/tfowler6/riscv32/src/fpu_src/float_to_int.sv" into library xil_defaultlib
INFO: [VRFC 10-311] analyzing module float_to_int
INFO: [VRFC 10-2263] Analyzing SystemVerilog file "/home/tfowler6/riscv32/src/fpu_src/float_to_unsig_int.sv" into library xil_defaultlib
INFO: [VRFC 10-311] analyzing module float_to_unsig_int
INFO: [VRFC 10-2263] Analyzing SystemVerilog file "/home/tfowler6/riscv32/src/fpu_src/floating_point.sv" into library xil_defaultlib
INFO: [VRFC 10-311] analyzing module FPU
INFO: [VRFC 10-2458] undeclared symbol out_stb_i2uf, assumed default net type wire [/home/tfowler6/riscv32/src/fpu_src/floating_point.sv:55]
INFO: [VRFC 10-2263] Analyzing SystemVerilog file "/home/tfowler6/riscv32/src/fpu_src/fmul.sv" into library xil_defaultlib
INFO: [VRFC 10-311] analyzing module multiplier
INFO: [VRFC 10-2263] Analyzing SystemVerilog file "/home/tfowler6/riscv32/src/fpu_src/fmul_add.sv" into library xil_defaultlib
INFO: [VRFC 10-311] analyzing module mul_adder
INFO: [VRFC 10-2263] Analyzing SystemVerilog file "/home/tfowler6/riscv32/src/fpu_src/fmv.sv" into library xil_defaultlib
INFO: [VRFC 10-311] analyzing module fmove
WARNING: [VRFC 10-965] invalid size of integer constant literal [/home/tfowler6/riscv32/src/fpu_src/fmv.sv:13]
WARNING: [VRFC 10-965] invalid size of integer constant literal [/home/tfowler6/riscv32/src/fpu_src/fmv.sv:14]
INFO: [VRFC 10-2263] Analyzing SystemVerilog file "/home/tfowler6/riscv32/src/fpu_src/fsgj.sv" into library xil_defaultlib
INFO: [VRFC 10-311] analyzing module fsign_inject
INFO: [VRFC 10-2263] Analyzing SystemVerilog file "/home/tfowler6/riscv32/src/fpu_src/int_to_float.sv" into library xil_defaultlib
INFO: [VRFC 10-311] analyzing module int_to_float
INFO: [VRFC 10-2263] Analyzing SystemVerilog file "/home/tfowler6/riscv32/src/fpu_src/unsig_int_to_float.sv" into library xil_defaultlib
INFO: [VRFC 10-311] analyzing module unsig_int_to_float
INFO: [VRFC 10-2263] Analyzing SystemVerilog file "/home/tfowler6/riscv32/src/fpu_src/FPU/FPU.srcs/sim_1/new/fp_top_sim.sv" into library xil_defaultlib
INFO: [VRFC 10-311] analyzing module fp_top_sim
